2025-12-30 17:46:04.968  INFO 8412 --- [restartedMain] com.meomulm.MeomulmBackendApplication    : Starting MeomulmBackendApplication using Java 21.0.8 with PID 8412 (C:\Users\user\Desktop\meomulm\meomulm-backend\build\classes\java\main started by user in C:\Users\user\Desktop\meomulm\meomulm-backend)
2025-12-30 17:46:04.970  INFO 8412 --- [restartedMain] com.meomulm.MeomulmBackendApplication    : No active profile set, falling back to 1 default profile: "default"
2025-12-30 17:46:05.019  INFO 8412 --- [restartedMain] .e.DevToolsPropertyDefaultsPostProcessor : Devtools property defaults active! Set 'spring.devtools.add-properties' to 'false' to disable
2025-12-30 17:46:05.020  INFO 8412 --- [restartedMain] .e.DevToolsPropertyDefaultsPostProcessor : For additional web related logging consider setting the 'logging.level.web' property to 'DEBUG'
2025-12-30 17:46:05.845  WARN 8412 --- [restartedMain] o.m.s.mapper.ClassPathMapperScanner      : No MyBatis mapper was found in '[com.meomulm]' package. Please check your configuration.
2025-12-30 17:46:06.504  INFO 8412 --- [restartedMain] o.s.b.w.embedded.tomcat.TomcatWebServer  : Tomcat initialized with port 8080 (http)
2025-12-30 17:46:06.515  INFO 8412 --- [restartedMain] o.apache.catalina.core.StandardService   : Starting service [Tomcat]
2025-12-30 17:46:06.515  INFO 8412 --- [restartedMain] o.apache.catalina.core.StandardEngine    : Starting Servlet engine: [Apache Tomcat/10.1.17]
2025-12-30 17:46:06.559  INFO 8412 --- [restartedMain] o.a.c.c.C.[Tomcat].[localhost].[/]       : Initializing Spring embedded WebApplicationContext
2025-12-30 17:46:06.560  INFO 8412 --- [restartedMain] w.s.c.ServletWebServerApplicationContext : Root WebApplicationContext: initialization completed in 1540 ms
2025-12-30 17:46:06.916  WARN 8412 --- [restartedMain] ConfigServletWebServerApplicationContext : Exception encountered during context initialization - cancelling refresh attempt: org.springframework.beans.factory.BeanCreationException: Error creating bean with name 'sqlSessionFactory' defined in class path resource [com/meomulm/common/config/DBConfig.class]: Failed to instantiate [org.apache.ibatis.session.SqlSessionFactory]: Factory method 'sqlSessionFactory' threw exception with message: Failed to parse mapping resource: 'file [C:\Users\user\Desktop\meomulm\meomulm-backend\build\resources\main\mappers\accommodationMapper.xml]'
2025-12-30 17:46:06.918  INFO 8412 --- [restartedMain] o.apache.catalina.core.StandardService   : Stopping service [Tomcat]
2025-12-30 17:46:06.928  INFO 8412 --- [restartedMain] .s.b.a.l.ConditionEvaluationReportLogger : 

Error starting ApplicationContext. To display the condition evaluation report re-run your application with 'debug' enabled.
2025-12-30 17:46:06.945 ERROR 8412 --- [restartedMain] o.s.boot.SpringApplication               : Application run failed

org.springframework.beans.factory.BeanCreationException: Error creating bean with name 'sqlSessionFactory' defined in class path resource [com/meomulm/common/config/DBConfig.class]: Failed to instantiate [org.apache.ibatis.session.SqlSessionFactory]: Factory method 'sqlSessionFactory' threw exception with message: Failed to parse mapping resource: 'file [C:\Users\user\Desktop\meomulm\meomulm-backend\build\resources\main\mappers\accommodationMapper.xml]'
	at org.springframework.beans.factory.support.ConstructorResolver.instantiate(ConstructorResolver.java:655)
	at org.springframework.beans.factory.support.ConstructorResolver.instantiateUsingFactoryMethod(ConstructorResolver.java:643)
	at org.springframework.beans.factory.support.AbstractAutowireCapableBeanFactory.instantiateUsingFactoryMethod(AbstractAutowireCapableBeanFactory.java:1334)
	at org.springframework.beans.factory.support.AbstractAutowireCapableBeanFactory.createBeanInstance(AbstractAutowireCapableBeanFactory.java:1164)
	at org.springframework.beans.factory.support.AbstractAutowireCapableBeanFactory.doCreateBean(AbstractAutowireCapableBeanFactory.java:561)
	at org.springframework.beans.factory.support.AbstractAutowireCapableBeanFactory.createBean(AbstractAutowireCapableBeanFactory.java:521)
	at org.springframework.beans.factory.support.AbstractBeanFactory.lambda$doGetBean$0(AbstractBeanFactory.java:325)
	at org.springframework.beans.factory.support.DefaultSingletonBeanRegistry.getSingleton(DefaultSingletonBeanRegistry.java:234)
	at org.springframework.beans.factory.support.AbstractBeanFactory.doGetBean(AbstractBeanFactory.java:323)
	at org.springframework.beans.factory.support.AbstractBeanFactory.getBean(AbstractBeanFactory.java:199)
	at org.springframework.beans.factory.support.DefaultListableBeanFactory.preInstantiateSingletons(DefaultListableBeanFactory.java:975)
	at org.springframework.context.support.AbstractApplicationContext.finishBeanFactoryInitialization(AbstractApplicationContext.java:960)
	at org.springframework.context.support.AbstractApplicationContext.refresh(AbstractApplicationContext.java:625)
	at org.springframework.boot.web.servlet.context.ServletWebServerApplicationContext.refresh(ServletWebServerApplicationContext.java:146)
	at org.springframework.boot.SpringApplication.refresh(SpringApplication.java:762)
	at org.springframework.boot.SpringApplication.refreshContext(SpringApplication.java:464)
	at org.springframework.boot.SpringApplication.run(SpringApplication.java:334)
	at org.springframework.boot.SpringApplication.run(SpringApplication.java:1358)
	at org.springframework.boot.SpringApplication.run(SpringApplication.java:1347)
	at com.meomulm.MeomulmBackendApplication.main(MeomulmBackendApplication.java:10)
	at java.base/jdk.internal.reflect.DirectMethodHandleAccessor.invoke(DirectMethodHandleAccessor.java:103)
	at java.base/java.lang.reflect.Method.invoke(Method.java:580)
	at org.springframework.boot.devtools.restart.RestartLauncher.run(RestartLauncher.java:50)
Caused by: org.springframework.beans.BeanInstantiationException: Failed to instantiate [org.apache.ibatis.session.SqlSessionFactory]: Factory method 'sqlSessionFactory' threw exception with message: Failed to parse mapping resource: 'file [C:\Users\user\Desktop\meomulm\meomulm-backend\build\resources\main\mappers\accommodationMapper.xml]'
	at org.springframework.beans.factory.support.SimpleInstantiationStrategy.instantiate(SimpleInstantiationStrategy.java:177)
	at org.springframework.beans.factory.support.ConstructorResolver.instantiate(ConstructorResolver.java:651)
	... 22 common frames omitted
Caused by: java.io.IOException: Failed to parse mapping resource: 'file [C:\Users\user\Desktop\meomulm\meomulm-backend\build\resources\main\mappers\accommodationMapper.xml]'
	at org.mybatis.spring.SqlSessionFactoryBean.buildSqlSessionFactory(SqlSessionFactoryBean.java:695)
	at org.mybatis.spring.SqlSessionFactoryBean.afterPropertiesSet(SqlSessionFactoryBean.java:572)
	at org.mybatis.spring.SqlSessionFactoryBean.getObject(SqlSessionFactoryBean.java:712)
	at com.meomulm.common.config.DBConfig.sqlSessionFactory(DBConfig.java:56)
	at com.meomulm.common.config.DBConfig$$SpringCGLIB$$0.CGLIB$sqlSessionFactory$0(<generated>)
	at com.meomulm.common.config.DBConfig$$SpringCGLIB$$FastClass$$1.invoke(<generated>)
	at org.springframework.cglib.proxy.MethodProxy.invokeSuper(MethodProxy.java:258)
	at org.springframework.context.annotation.ConfigurationClassEnhancer$BeanMethodInterceptor.intercept(ConfigurationClassEnhancer.java:331)
	at com.meomulm.common.config.DBConfig$$SpringCGLIB$$0.sqlSessionFactory(<generated>)
	at java.base/jdk.internal.reflect.DirectMethodHandleAccessor.invoke(DirectMethodHandleAccessor.java:103)
	at java.base/java.lang.reflect.Method.invoke(Method.java:580)
	at org.springframework.beans.factory.support.SimpleInstantiationStrategy.instantiate(SimpleInstantiationStrategy.java:140)
	... 23 common frames omitted
Caused by: org.apache.ibatis.builder.BuilderException: Error parsing Mapper XML. The XML location is 'file [C:\Users\user\Desktop\meomulm\meomulm-backend\build\resources\main\mappers\accommodationMapper.xml]'. Cause: org.apache.ibatis.builder.BuilderException: Error resolving class. Cause: org.apache.ibatis.type.TypeException: Could not resolve type alias '$.model.$'.  Cause: java.lang.ClassNotFoundException: Cannot find class: $.model.$
	at org.apache.ibatis.builder.xml.XMLMapperBuilder.configurationElement(XMLMapperBuilder.java:125)
	at org.apache.ibatis.builder.xml.XMLMapperBuilder.parse(XMLMapperBuilder.java:98)
	at org.mybatis.spring.SqlSessionFactoryBean.buildSqlSessionFactory(SqlSessionFactoryBean.java:693)
	... 34 common frames omitted
Caused by: org.apache.ibatis.builder.BuilderException: Error resolving class. Cause: org.apache.ibatis.type.TypeException: Could not resolve type alias '$.model.$'.  Cause: java.lang.ClassNotFoundException: Cannot find class: $.model.$
	at org.apache.ibatis.builder.BaseBuilder.resolveClass(BaseBuilder.java:103)
	at org.apache.ibatis.builder.xml.XMLMapperBuilder.resultMapElement(XMLMapperBuilder.java:222)
	at org.apache.ibatis.builder.xml.XMLMapperBuilder.resultMapElement(XMLMapperBuilder.java:214)
	at org.apache.ibatis.builder.xml.XMLMapperBuilder.resultMapElements(XMLMapperBuilder.java:206)
	at org.apache.ibatis.builder.xml.XMLMapperBuilder.configurationElement(XMLMapperBuilder.java:121)
	... 36 common frames omitted
Caused by: org.apache.ibatis.type.TypeException: Could not resolve type alias '$.model.$'.  Cause: java.lang.ClassNotFoundException: Cannot find class: $.model.$
	at org.apache.ibatis.type.TypeAliasRegistry.resolveAlias(TypeAliasRegistry.java:128)
	at org.apache.ibatis.builder.BaseBuilder.resolveAlias(BaseBuilder.java:132)
	at org.apache.ibatis.builder.BaseBuilder.resolveClass(BaseBuilder.java:101)
	... 40 common frames omitted
Caused by: java.lang.ClassNotFoundException: Cannot find class: $.model.$
	at org.apache.ibatis.io.ClassLoaderWrapper.classForName(ClassLoaderWrapper.java:226)
	at org.apache.ibatis.io.ClassLoaderWrapper.classForName(ClassLoaderWrapper.java:103)
	at org.apache.ibatis.io.Resources.classForName(Resources.java:322)
	at org.apache.ibatis.type.TypeAliasRegistry.resolveAlias(TypeAliasRegistry.java:124)
	... 42 common frames omitted

2025-12-30 17:49:24.023  INFO 1316 --- [restartedMain] com.meomulm.MeomulmBackendApplication    : Starting MeomulmBackendApplication using Java 21.0.8 with PID 1316 (C:\Users\user\Desktop\meomulm\meomulm-backend\build\classes\java\main started by user in C:\Users\user\Desktop\meomulm\meomulm-backend)
2025-12-30 17:49:24.025  INFO 1316 --- [restartedMain] com.meomulm.MeomulmBackendApplication    : No active profile set, falling back to 1 default profile: "default"
2025-12-30 17:49:24.070  INFO 1316 --- [restartedMain] .e.DevToolsPropertyDefaultsPostProcessor : Devtools property defaults active! Set 'spring.devtools.add-properties' to 'false' to disable
2025-12-30 17:49:24.070  INFO 1316 --- [restartedMain] .e.DevToolsPropertyDefaultsPostProcessor : For additional web related logging consider setting the 'logging.level.web' property to 'DEBUG'
2025-12-30 17:49:25.461  INFO 1316 --- [restartedMain] o.s.b.w.embedded.tomcat.TomcatWebServer  : Tomcat initialized with port 8080 (http)
2025-12-30 17:49:25.472  INFO 1316 --- [restartedMain] o.apache.catalina.core.StandardService   : Starting service [Tomcat]
2025-12-30 17:49:25.473  INFO 1316 --- [restartedMain] o.apache.catalina.core.StandardEngine    : Starting Servlet engine: [Apache Tomcat/10.1.17]
2025-12-30 17:49:25.519  INFO 1316 --- [restartedMain] o.a.c.c.C.[Tomcat].[localhost].[/]       : Initializing Spring embedded WebApplicationContext
2025-12-30 17:49:25.519  INFO 1316 --- [restartedMain] w.s.c.ServletWebServerApplicationContext : Root WebApplicationContext: initialization completed in 1448 ms
2025-12-30 17:49:25.935  WARN 1316 --- [restartedMain] .s.s.UserDetailsServiceAutoConfiguration : 

Using generated security password: 78b1602a-9554-4ea2-8559-1b684dcfce48

This generated password is for development use only. Your security configuration must be updated before running your application in production.

2025-12-30 17:49:26.304  INFO 1316 --- [restartedMain] o.s.s.web.DefaultSecurityFilterChain     : Will secure any request with [org.springframework.security.web.session.DisableEncodeUrlFilter@364eca1b, org.springframework.security.web.context.request.async.WebAsyncManagerIntegrationFilter@60a471a7, org.springframework.security.web.context.SecurityContextHolderFilter@4dbe5bea, org.springframework.security.web.header.HeaderWriterFilter@2eab9b27, org.springframework.web.filter.CorsFilter@2801166, org.springframework.security.web.authentication.logout.LogoutFilter@64f72269, org.springframework.security.web.session.ConcurrentSessionFilter@6d15c4ce, org.springframework.security.web.savedrequest.RequestCacheAwareFilter@15bad60d, org.springframework.security.web.servletapi.SecurityContextHolderAwareRequestFilter@10062719, org.springframework.security.web.authentication.AnonymousAuthenticationFilter@407f9f47, org.springframework.security.web.session.SessionManagementFilter@3afc0d84, org.springframework.security.web.access.ExceptionTranslationFilter@469e085b, org.springframework.security.web.access.intercept.AuthorizationFilter@685142ef]
2025-12-30 17:49:26.694  INFO 1316 --- [restartedMain] o.s.b.d.a.OptionalLiveReloadServer       : LiveReload server is running on port 35729
2025-12-30 17:49:26.741  INFO 1316 --- [restartedMain] o.s.b.w.embedded.tomcat.TomcatWebServer  : Tomcat started on port 8080 (http) with context path ''
2025-12-30 17:49:26.750  INFO 1316 --- [restartedMain] com.meomulm.MeomulmBackendApplication    : Started MeomulmBackendApplication in 3.259 seconds (process running for 4.198)
