2026-01-05 18:19:06.849  INFO 8140 --- [restartedMain] com.meomulm.MeomulmBackendApplication    : Starting MeomulmBackendApplication using Java 21.0.8 with PID 8140 (C:\Users\TJ\Desktop\sw\momum\build\classes\java\main started by TJ in C:\Users\TJ\Desktop\sw\momum)
2026-01-05 18:19:06.851  INFO 8140 --- [restartedMain] com.meomulm.MeomulmBackendApplication    : No active profile set, falling back to 1 default profile: "default"
2026-01-05 18:19:06.899  INFO 8140 --- [restartedMain] .e.DevToolsPropertyDefaultsPostProcessor : Devtools property defaults active! Set 'spring.devtools.add-properties' to 'false' to disable
2026-01-05 18:19:06.900  INFO 8140 --- [restartedMain] .e.DevToolsPropertyDefaultsPostProcessor : For additional web related logging consider setting the 'logging.level.web' property to 'DEBUG'
2026-01-05 18:19:07.965  WARN 8140 --- [restartedMain] ConfigServletWebServerApplicationContext : Exception encountered during context initialization - cancelling refresh attempt: org.springframework.context.annotation.ConflictingBeanDefinitionException: Annotation-specified bean name 'roomMapper' for bean class [com.meomulm.room.model.mapper.RoomMapper] conflicts with existing, non-compatible bean definition of same name and class [com.meomulm.room.model.dto.reservation.model.mapper.RoomMapper]
2026-01-05 18:19:07.973  INFO 8140 --- [restartedMain] .s.b.a.l.ConditionEvaluationReportLogger : 

Error starting ApplicationContext. To display the condition evaluation report re-run your application with 'debug' enabled.
2026-01-05 18:19:08.003 ERROR 8140 --- [restartedMain] o.s.boot.SpringApplication               : Application run failed

org.springframework.context.annotation.ConflictingBeanDefinitionException: Annotation-specified bean name 'roomMapper' for bean class [com.meomulm.room.model.mapper.RoomMapper] conflicts with existing, non-compatible bean definition of same name and class [com.meomulm.room.model.dto.reservation.model.mapper.RoomMapper]
	at org.springframework.context.annotation.ClassPathBeanDefinitionScanner.checkCandidate(ClassPathBeanDefinitionScanner.java:361)
	at org.mybatis.spring.mapper.ClassPathMapperScanner.checkCandidate(ClassPathMapperScanner.java:364)
	at org.springframework.context.annotation.ClassPathBeanDefinitionScanner.doScan(ClassPathBeanDefinitionScanner.java:288)
	at org.mybatis.spring.mapper.ClassPathMapperScanner.doScan(ClassPathMapperScanner.java:255)
	at org.springframework.context.annotation.ClassPathBeanDefinitionScanner.scan(ClassPathBeanDefinitionScanner.java:255)
	at org.mybatis.spring.mapper.MapperScannerConfigurer.postProcessBeanDefinitionRegistry(MapperScannerConfigurer.java:406)
	at org.springframework.context.support.PostProcessorRegistrationDelegate.invokeBeanDefinitionRegistryPostProcessors(PostProcessorRegistrationDelegate.java:349)
	at org.springframework.context.support.PostProcessorRegistrationDelegate.invokeBeanFactoryPostProcessors(PostProcessorRegistrationDelegate.java:148)
	at org.springframework.context.support.AbstractApplicationContext.invokeBeanFactoryPostProcessors(AbstractApplicationContext.java:789)
	at org.springframework.context.support.AbstractApplicationContext.refresh(AbstractApplicationContext.java:606)
	at org.springframework.boot.web.servlet.context.ServletWebServerApplicationContext.refresh(ServletWebServerApplicationContext.java:146)
	at org.springframework.boot.SpringApplication.refresh(SpringApplication.java:762)
	at org.springframework.boot.SpringApplication.refreshContext(SpringApplication.java:464)
	at org.springframework.boot.SpringApplication.run(SpringApplication.java:334)
	at org.springframework.boot.SpringApplication.run(SpringApplication.java:1358)
	at org.springframework.boot.SpringApplication.run(SpringApplication.java:1347)
	at com.meomulm.MeomulmBackendApplication.main(MeomulmBackendApplication.java:10)
	at java.base/jdk.internal.reflect.DirectMethodHandleAccessor.invoke(DirectMethodHandleAccessor.java:103)
	at java.base/java.lang.reflect.Method.invoke(Method.java:580)
	at org.springframework.boot.devtools.restart.RestartLauncher.run(RestartLauncher.java:50)

2026-01-05 18:21:43.561  INFO 6824 --- [restartedMain] com.meomulm.MeomulmBackendApplication    : Starting MeomulmBackendApplication using Java 21.0.8 with PID 6824 (C:\Users\TJ\Desktop\sw\momum\build\classes\java\main started by TJ in C:\Users\TJ\Desktop\sw\momum)
2026-01-05 18:21:43.564  INFO 6824 --- [restartedMain] com.meomulm.MeomulmBackendApplication    : No active profile set, falling back to 1 default profile: "default"
2026-01-05 18:21:43.613  INFO 6824 --- [restartedMain] .e.DevToolsPropertyDefaultsPostProcessor : Devtools property defaults active! Set 'spring.devtools.add-properties' to 'false' to disable
2026-01-05 18:21:43.613  INFO 6824 --- [restartedMain] .e.DevToolsPropertyDefaultsPostProcessor : For additional web related logging consider setting the 'logging.level.web' property to 'DEBUG'
2026-01-05 18:21:45.447  INFO 6824 --- [restartedMain] o.s.b.w.embedded.tomcat.TomcatWebServer  : Tomcat initialized with port 8080 (http)
2026-01-05 18:21:45.462  INFO 6824 --- [restartedMain] o.apache.catalina.core.StandardService   : Starting service [Tomcat]
2026-01-05 18:21:45.463  INFO 6824 --- [restartedMain] o.apache.catalina.core.StandardEngine    : Starting Servlet engine: [Apache Tomcat/10.1.17]
2026-01-05 18:21:45.524  INFO 6824 --- [restartedMain] o.a.c.c.C.[Tomcat].[localhost].[/]       : Initializing Spring embedded WebApplicationContext
2026-01-05 18:21:45.524  INFO 6824 --- [restartedMain] w.s.c.ServletWebServerApplicationContext : Root WebApplicationContext: initialization completed in 1910 ms
2026-01-05 18:21:46.261  WARN 6824 --- [restartedMain] .s.s.UserDetailsServiceAutoConfiguration : 

Using generated security password: dcf3f904-dd1b-4954-a39f-4c4419f58084

This generated password is for development use only. Your security configuration must be updated before running your application in production.

2026-01-05 18:21:46.746  INFO 6824 --- [restartedMain] o.s.s.web.DefaultSecurityFilterChain     : Will secure any request with [org.springframework.security.web.session.DisableEncodeUrlFilter@2f646584, org.springframework.security.web.context.request.async.WebAsyncManagerIntegrationFilter@509336ce, org.springframework.security.web.context.SecurityContextHolderFilter@22a648d2, org.springframework.security.web.header.HeaderWriterFilter@70d38b59, org.springframework.web.filter.CorsFilter@2404c305, org.springframework.security.web.authentication.logout.LogoutFilter@17210a79, org.springframework.security.web.session.ConcurrentSessionFilter@5eba56ea, org.springframework.security.web.savedrequest.RequestCacheAwareFilter@468c0894, org.springframework.security.web.servletapi.SecurityContextHolderAwareRequestFilter@19e4c284, org.springframework.security.web.authentication.AnonymousAuthenticationFilter@25c8d29a, org.springframework.security.web.session.SessionManagementFilter@1e9c7e, org.springframework.security.web.access.ExceptionTranslationFilter@5a085168, org.springframework.security.web.access.intercept.AuthorizationFilter@79c1b445]
2026-01-05 18:21:47.272  INFO 6824 --- [restartedMain] o.s.b.d.a.OptionalLiveReloadServer       : LiveReload server is running on port 35729
2026-01-05 18:21:47.316  INFO 6824 --- [restartedMain] o.s.b.w.embedded.tomcat.TomcatWebServer  : Tomcat started on port 8080 (http) with context path ''
2026-01-05 18:21:47.325  INFO 6824 --- [restartedMain] com.meomulm.MeomulmBackendApplication    : Started MeomulmBackendApplication in 4.312 seconds (process running for 5.645)
2026-01-05 18:23:03.681  INFO 6824 --- [http-nio-8080-exec-1] o.a.c.c.C.[Tomcat].[localhost].[/]       : Initializing Spring DispatcherServlet 'dispatcherServlet'
2026-01-05 18:23:03.682  INFO 6824 --- [http-nio-8080-exec-1] o.s.web.servlet.DispatcherServlet        : Initializing Servlet 'dispatcherServlet'
2026-01-05 18:23:03.683  INFO 6824 --- [http-nio-8080-exec-1] o.s.web.servlet.DispatcherServlet        : Completed initialization in 1 ms
2026-01-05 18:23:03.737  INFO 6824 --- [http-nio-8080-exec-1] com.meomulm.common.aop.LoggingAspect     : [ProductController.getRoomsByAccommodationId()] 요청 / ip : 0:0:0:0:0:0:0:1
2026-01-05 18:23:03.738  INFO 6824 --- [http-nio-8080-exec-1] c.m.p.controller.ProductController       : GET accommodationId : 
2026-01-05 18:23:03.741  INFO 6824 --- [http-nio-8080-exec-1] com.meomulm.common.aop.LoggingAspect     : ========== ProductServiceImpl.getRoomsByAccommodationId() 서비스 호출 ==========
2026-01-05 18:23:03.741  INFO 6824 --- [http-nio-8080-exec-1] com.meomulm.common.aop.LoggingAspect     : Parameter : [1]
2026-01-05 18:23:03.742  INFO 6824 --- [http-nio-8080-exec-1] c.m.p.model.service.ProductServiceImpl   : GET accommodationId : 1
2026-01-05 18:23:03.762  INFO 6824 --- [http-nio-8080-exec-1] com.zaxxer.hikari.HikariDataSource       : MyHikariCP - Starting...
2026-01-05 18:23:03.962  INFO 6824 --- [http-nio-8080-exec-1] com.zaxxer.hikari.pool.HikariPool        : MyHikariCP - Added connection org.postgresql.jdbc.PgConnection@7941dfcc
2026-01-05 18:23:03.964  INFO 6824 --- [http-nio-8080-exec-1] com.zaxxer.hikari.HikariDataSource       : MyHikariCP - Start completed.
2026-01-05 18:23:03.993  INFO 6824 --- [http-nio-8080-exec-1] c.m.p.model.service.ProductServiceImpl   : 숙소 ID 1에 해당하는 객실이 없습니다.
2026-01-05 18:23:03.993  INFO 6824 --- [http-nio-8080-exec-1] com.meomulm.common.aop.LoggingAspect     : Running Time : 251ms
2026-01-05 18:23:03.993  INFO 6824 --- [http-nio-8080-exec-1] com.meomulm.common.aop.LoggingAspect     : ===================================================================================
2026-01-05 18:26:46.550  INFO 6824 --- [SpringApplicationShutdownHook] com.zaxxer.hikari.HikariDataSource       : MyHikariCP - Shutdown initiated...
2026-01-05 18:26:46.554  INFO 6824 --- [SpringApplicationShutdownHook] com.zaxxer.hikari.HikariDataSource       : MyHikariCP - Shutdown completed.
